<?xml version="1.0" encoding="UTF-8"?>
<testng-results skipped="0" failed="0" ignored="0" total="1" passed="1">
  <reporter-output>
  </reporter-output>
  <suite name="Default suite" duration-ms="25499" started-at="2019-07-02T05:53:03Z" finished-at="2019-07-02T05:53:28Z">
    <groups>
    </groups>
    <test name="Default test" duration-ms="25499" started-at="2019-07-02T05:53:03Z" finished-at="2019-07-02T05:53:28Z">
      <class name="OpenBrowser.initiate">
        <test-method status="PASS" signature="openbrowser()[pri:0, instance:OpenBrowser.initiate@5cc7c2a6]" name="openbrowser" duration-ms="25476" started-at="2019-07-02T11:23:03Z" finished-at="2019-07-02T11:23:28Z">
          <reporter-output>
          </reporter-output>
        </test-method> <!-- openbrowser -->
      </class> <!-- OpenBrowser.initiate -->
    </test> <!-- Default test -->
  </suite> <!-- Default suite -->
</testng-results>
